worksheet/build/intermediates/aapt_proguard_file/debug/aapt_rules.txt
# Generated by the gradle plugin
-keep class androidx.constraintlayout.widget.ConstraintLayout { <init>(...); }