worksheet/build/outputs/mapping/debug/mapping.txt
# compiler: R8
# compiler_version: 2.0.88
# pg_map_id: d6ca5dd
# common_typos_disable
org.library.worksheet.ExcelBookImpl -> org.library.worksheet.ExcelBookImpl:
    33:48:void <init>(android.content.Context) -> <init>
    55:66:void ExcelSheet(java.util.List,java.lang.String,org.library.worksheet.cellstyles.CellEnum,org.library.worksheet.cellstyles.CellEnum,org.library.worksheet.cellstyles.CellEnum) -> ExcelSheet
    72:92:void ExcelSheets(java.util.List,java.lang.String,org.library.worksheet.cellstyles.CellEnum,org.library.worksheet.cellstyles.CellEnum,org.library.worksheet.cellstyles.CellEnum) -> ExcelSheets
    178:187:java.lang.String appendFileExtensionFormatIfNotProvided(java.lang.String) -> appendFileExtensionFormatIfNotProvided
    96:134:void createHeaderRow(java.lang.Object,org.apache.poi.ss.usermodel.Sheet,org.library.worksheet.cellstyles.CellEnum,org.library.worksheet.cellstyles.CellEnum) -> createHeaderRow
    165:170:java.util.List getFieldNames(java.lang.reflect.Field[]) -> getFieldNames
    191:202:void populateSingleSheetWithData(org.apache.poi.ss.usermodel.Sheet,java.util.List,org.library.worksheet.cellstyles.CellEnum,org.library.worksheet.cellstyles.CellEnum,org.library.worksheet.cellstyles.CellEnum) -> populateSingleSheetWithData
    143:162:void writeExcelSheetBook(java.lang.Object,java.lang.Integer,org.apache.poi.ss.usermodel.Row,org.library.worksheet.cellstyles.CellEnum) -> writeExcelSheetBook
org.library.worksheet.cellstyles.CellEnum -> a.a.a.a.a:
    org.library.worksheet.cellstyles.CellEnum LINE_1 -> j
    org.library.worksheet.cellstyles.CellEnum FORMULA_3 -> i
    org.library.worksheet.cellstyles.CellEnum[] $VALUES -> l
    org.library.worksheet.cellstyles.CellEnum LINE_2 -> k
    org.library.worksheet.cellstyles.CellEnum TEAL_CELL -> f
    org.library.worksheet.cellstyles.CellEnum TEAL_TITLE -> e
    org.library.worksheet.cellstyles.CellEnum FORMULA_2 -> h
    org.library.worksheet.cellstyles.CellEnum FORMULA_1 -> g
    org.library.worksheet.cellstyles.CellEnum DEFAULT_TITLE -> b
    org.library.worksheet.cellstyles.CellEnum DEFAULT_HEADER -> a
    org.library.worksheet.cellstyles.CellEnum TEAL_HEADER -> d
    org.library.worksheet.cellstyles.CellEnum DEFAULT_CELL -> c
    5:12:void <clinit>() -> <clinit>
    5:5:void <init>(java.lang.String,int) -> <init>
    5:5:org.library.worksheet.cellstyles.CellEnum valueOf(java.lang.String) -> valueOf
    5:5:org.library.worksheet.cellstyles.CellEnum[] values() -> values
org.library.worksheet.cellstyles.ECellStyle -> a.a.a.a.b:
    13:352:java.util.Map createStyles(org.apache.poi.ss.usermodel.Workbook) -> a
org.library.worksheet.cellstyles.EWorkBook -> org.library.worksheet.cellstyles.EWorkBook:
    12:12:void <init>() -> <init>
    15:24:org.apache.poi.ss.usermodel.Workbook createWorkBook(java.lang.String) -> createWorkBook
    35:45:org.apache.poi.ss.usermodel.Workbook getDefaultExcelWorkbook(java.lang.String) -> getDefaultExcelWorkbook
org.library.worksheet.notifier.Toaster -> org.library.worksheet.notifier.Toaster:
    42:42:void <init>() -> <init>
    43:47:void <init>(android.content.Context,java.lang.String) -> <init>
    50:63:void showToastMessage(android.content.Context,java.lang.String) -> showToastMessage
org.library.worksheet.storage.ExternalStorage -> org.library.worksheet.storage.ExternalStorage:
    38:42:void <init>(android.content.Context) -> <init>
    101:107:void WriteToOutputStream(java.io.File,org.apache.poi.ss.usermodel.Workbook) -> WriteToOutputStream
    49:53:void createExternalDirectory() -> a
    113:113:java.io.File getExternalFile() -> getExternalFile
    83:85:void writeFileToExternalStorage(java.lang.String,java.io.File,org.apache.poi.ss.usermodel.Workbook) -> writeFileToExternalStorage
    93:96:void writeFileToExternalStorage(java.lang.String,org.apache.poi.ss.usermodel.Workbook) -> writeFileToExternalStorage