worksheet/build/outputs/mapping/debug/usage.txt
org.library.worksheet.util.ExceptionMessageClass
org.library.worksheet.cellstyles.WorkSheet
org.library.worksheet.storage.ExternalStorage:
    private java.lang.Boolean isExternalMediaStorageAvailable()
org.library.worksheet.storage.EMedia
org.library.worksheet.BuildConfig
org.library.worksheet.cellstyles.ECellStyle:
    public void <init>()
org.library.worksheet.cellstyles.WorkSheet$Builder
org.library.worksheet.cellstyles.CellEnum:
    public static boolean contains(java.lang.String)
org.library.worksheet.util.Constants
org.library.worksheet.storage.ExternalStorage:
    public android.content.Context context
    public org.library.worksheet.notifier.Toaster toaster